2021-06-06 09:27:07.290  INFO 912 --- [restartedMain] com.cycleon.kalah.KalahApplication       : Starting KalahApplication using Java 11.0.10 on MacBook-Pro-de-nathan.local with PID 912 (/Users/nathan/Development/kalah/kalah-backend/target/classes started by nathan in /Users/nathan/Development/kalah/kalah-backend)
2021-06-06 09:27:07.300  INFO 912 --- [restartedMain] com.cycleon.kalah.KalahApplication       : No active profile set, falling back to default profiles: default
2021-06-06 09:27:07.351  INFO 912 --- [restartedMain] .e.DevToolsPropertyDefaultsPostProcessor : Devtools property defaults active! Set 'spring.devtools.add-properties' to 'false' to disable
2021-06-06 09:27:07.352  INFO 912 --- [restartedMain] .e.DevToolsPropertyDefaultsPostProcessor : For additional web related logging consider setting the 'logging.level.web' property to 'DEBUG'
2021-06-06 09:27:08.291  INFO 912 --- [restartedMain] .s.d.r.c.RepositoryConfigurationDelegate : Bootstrapping Spring Data JPA repositories in DEFAULT mode.
2021-06-06 09:27:08.358  INFO 912 --- [restartedMain] .s.d.r.c.RepositoryConfigurationDelegate : Finished Spring Data repository scanning in 54 ms. Found 2 JPA repository interfaces.
2021-06-06 09:27:09.057  INFO 912 --- [restartedMain] o.s.b.w.embedded.tomcat.TomcatWebServer  : Tomcat initialized with port(s): 8080 (http)
2021-06-06 09:27:09.070  INFO 912 --- [restartedMain] o.apache.catalina.core.StandardService   : Starting service [Tomcat]
2021-06-06 09:27:09.070  INFO 912 --- [restartedMain] org.apache.catalina.core.StandardEngine  : Starting Servlet engine: [Apache Tomcat/9.0.46]
2021-06-06 09:27:09.148  INFO 912 --- [restartedMain] o.a.c.c.C.[Tomcat].[localhost].[/]       : Initializing Spring embedded WebApplicationContext
2021-06-06 09:27:09.148  INFO 912 --- [restartedMain] w.s.c.ServletWebServerApplicationContext : Root WebApplicationContext: initialization completed in 1796 ms
2021-06-06 09:27:09.380  INFO 912 --- [restartedMain] o.hibernate.jpa.internal.util.LogHelper  : HHH000204: Processing PersistenceUnitInfo [name: default]
2021-06-06 09:27:09.447  INFO 912 --- [restartedMain] org.hibernate.Version                    : HHH000412: Hibernate ORM core version 5.4.31.Final
2021-06-06 09:27:09.601  INFO 912 --- [restartedMain] o.hibernate.annotations.common.Version   : HCANN000001: Hibernate Commons Annotations {5.1.2.Final}
2021-06-06 09:27:09.704  INFO 912 --- [restartedMain] com.zaxxer.hikari.HikariDataSource       : HikariPool-1 - Starting...
2021-06-06 09:27:09.835  INFO 912 --- [restartedMain] com.zaxxer.hikari.HikariDataSource       : HikariPool-1 - Start completed.
2021-06-06 09:27:09.854  INFO 912 --- [restartedMain] org.hibernate.dialect.Dialect            : HHH000400: Using dialect: org.hibernate.dialect.PostgreSQLDialect
2021-06-06 09:27:10.679  INFO 912 --- [restartedMain] o.h.e.t.j.p.i.JtaPlatformInitiator       : HHH000490: Using JtaPlatform implementation: [org.hibernate.engine.transaction.jta.platform.internal.NoJtaPlatform]
2021-06-06 09:27:10.688  INFO 912 --- [restartedMain] j.LocalContainerEntityManagerFactoryBean : Initialized JPA EntityManagerFactory for persistence unit 'default'
2021-06-06 09:27:11.238  WARN 912 --- [restartedMain] JpaBaseConfiguration$JpaWebConfiguration : spring.jpa.open-in-view is enabled by default. Therefore, database queries may be performed during view rendering. Explicitly configure spring.jpa.open-in-view to disable this warning
2021-06-06 09:27:11.399  INFO 912 --- [restartedMain] pertySourcedRequestMappingHandlerMapping : Mapped URL path [/v2/api-docs] onto method [springfox.documentation.swagger2.web.Swagger2Controller#getDocumentation(String, HttpServletRequest)]
2021-06-06 09:27:11.509  INFO 912 --- [restartedMain] o.s.b.d.a.OptionalLiveReloadServer       : LiveReload server is running on port 35729
2021-06-06 09:27:11.699  INFO 912 --- [restartedMain] o.s.b.w.embedded.tomcat.TomcatWebServer  : Tomcat started on port(s): 8080 (http) with context path ''
2021-06-06 09:27:11.700  INFO 912 --- [restartedMain] d.s.w.p.DocumentationPluginsBootstrapper : Context refreshed
2021-06-06 09:27:11.727  INFO 912 --- [restartedMain] d.s.w.p.DocumentationPluginsBootstrapper : Found 1 custom documentation plugin(s)
2021-06-06 09:27:11.752  INFO 912 --- [restartedMain] s.d.s.w.s.ApiListingReferenceScanner     : Scanning for api listing references
2021-06-06 09:27:11.907  INFO 912 --- [restartedMain] com.cycleon.kalah.KalahApplication       : Started KalahApplication in 5.4 seconds (JVM running for 6.213)
2021-06-06 09:27:11.908  INFO 912 --- [restartedMain] o.s.b.a.ApplicationAvailabilityBean      : Application availability state LivenessState changed to CORRECT
2021-06-06 09:27:11.912  INFO 912 --- [restartedMain] o.s.b.a.ApplicationAvailabilityBean      : Application availability state ReadinessState changed to ACCEPTING_TRAFFIC
2021-06-06 09:27:16.249  INFO 912 --- [http-nio-8080-exec-1] o.a.c.c.C.[Tomcat].[localhost].[/]       : Initializing Spring DispatcherServlet 'dispatcherServlet'
2021-06-06 09:27:16.257  INFO 912 --- [http-nio-8080-exec-1] o.s.web.servlet.DispatcherServlet        : Initializing Servlet 'dispatcherServlet'
2021-06-06 09:27:16.259  INFO 912 --- [http-nio-8080-exec-1] o.s.web.servlet.DispatcherServlet        : Completed initialization in 2 ms
2021-06-06 09:29:51.352  INFO 912 --- [http-nio-8080-exec-1] c.c.k.service.impl.KalahGameServiceImpl  : Game: 1 registered successfully!
2021-06-06 09:32:46.007  INFO 1083 --- [restartedMain] com.cycleon.kalah.KalahApplication       : Starting KalahApplication using Java 11.0.10 on MacBook-Pro-de-nathan.local with PID 1083 (/Users/nathan/Development/kalah/kalah-backend/target/classes started by nathan in /Users/nathan/Development/kalah/kalah-backend)
2021-06-06 09:32:46.018  INFO 1083 --- [restartedMain] com.cycleon.kalah.KalahApplication       : No active profile set, falling back to default profiles: default
2021-06-06 09:32:46.076  INFO 1083 --- [restartedMain] .e.DevToolsPropertyDefaultsPostProcessor : Devtools property defaults active! Set 'spring.devtools.add-properties' to 'false' to disable
2021-06-06 09:32:46.076  INFO 1083 --- [restartedMain] .e.DevToolsPropertyDefaultsPostProcessor : For additional web related logging consider setting the 'logging.level.web' property to 'DEBUG'
2021-06-06 09:32:46.938  INFO 1083 --- [restartedMain] .s.d.r.c.RepositoryConfigurationDelegate : Bootstrapping Spring Data JPA repositories in DEFAULT mode.
2021-06-06 09:32:46.996  INFO 1083 --- [restartedMain] .s.d.r.c.RepositoryConfigurationDelegate : Finished Spring Data repository scanning in 47 ms. Found 2 JPA repository interfaces.
2021-06-06 09:32:47.684  INFO 1083 --- [restartedMain] o.s.b.w.embedded.tomcat.TomcatWebServer  : Tomcat initialized with port(s): 8080 (http)
2021-06-06 09:32:47.698  INFO 1083 --- [restartedMain] o.apache.catalina.core.StandardService   : Starting service [Tomcat]
2021-06-06 09:32:47.698  INFO 1083 --- [restartedMain] org.apache.catalina.core.StandardEngine  : Starting Servlet engine: [Apache Tomcat/9.0.46]
2021-06-06 09:32:47.791  INFO 1083 --- [restartedMain] o.a.c.c.C.[Tomcat].[localhost].[/]       : Initializing Spring embedded WebApplicationContext
2021-06-06 09:32:47.791  INFO 1083 --- [restartedMain] w.s.c.ServletWebServerApplicationContext : Root WebApplicationContext: initialization completed in 1714 ms
2021-06-06 09:32:48.005  INFO 1083 --- [restartedMain] o.hibernate.jpa.internal.util.LogHelper  : HHH000204: Processing PersistenceUnitInfo [name: default]
2021-06-06 09:32:48.064  INFO 1083 --- [restartedMain] org.hibernate.Version                    : HHH000412: Hibernate ORM core version 5.4.31.Final
2021-06-06 09:32:48.259  INFO 1083 --- [restartedMain] o.hibernate.annotations.common.Version   : HCANN000001: Hibernate Commons Annotations {5.1.2.Final}
2021-06-06 09:32:48.359  INFO 1083 --- [restartedMain] com.zaxxer.hikari.HikariDataSource       : HikariPool-1 - Starting...
2021-06-06 09:32:48.473  INFO 1083 --- [restartedMain] com.zaxxer.hikari.HikariDataSource       : HikariPool-1 - Start completed.
2021-06-06 09:32:48.490  INFO 1083 --- [restartedMain] org.hibernate.dialect.Dialect            : HHH000400: Using dialect: org.hibernate.dialect.PostgreSQLDialect
2021-06-06 09:32:49.198  INFO 1083 --- [restartedMain] o.h.e.t.j.p.i.JtaPlatformInitiator       : HHH000490: Using JtaPlatform implementation: [org.hibernate.engine.transaction.jta.platform.internal.NoJtaPlatform]
2021-06-06 09:32:49.206  INFO 1083 --- [restartedMain] j.LocalContainerEntityManagerFactoryBean : Initialized JPA EntityManagerFactory for persistence unit 'default'
2021-06-06 09:32:49.698  WARN 1083 --- [restartedMain] JpaBaseConfiguration$JpaWebConfiguration : spring.jpa.open-in-view is enabled by default. Therefore, database queries may be performed during view rendering. Explicitly configure spring.jpa.open-in-view to disable this warning
2021-06-06 09:32:49.841  INFO 1083 --- [restartedMain] pertySourcedRequestMappingHandlerMapping : Mapped URL path [/v2/api-docs] onto method [springfox.documentation.swagger2.web.Swagger2Controller#getDocumentation(String, HttpServletRequest)]
2021-06-06 09:32:49.943  INFO 1083 --- [restartedMain] o.s.b.d.a.OptionalLiveReloadServer       : LiveReload server is running on port 35729
2021-06-06 09:32:50.126  INFO 1083 --- [restartedMain] o.s.b.w.embedded.tomcat.TomcatWebServer  : Tomcat started on port(s): 8080 (http) with context path ''
2021-06-06 09:32:50.127  INFO 1083 --- [restartedMain] d.s.w.p.DocumentationPluginsBootstrapper : Context refreshed
2021-06-06 09:32:50.149  INFO 1083 --- [restartedMain] d.s.w.p.DocumentationPluginsBootstrapper : Found 1 custom documentation plugin(s)
2021-06-06 09:32:50.177  INFO 1083 --- [restartedMain] s.d.s.w.s.ApiListingReferenceScanner     : Scanning for api listing references
2021-06-06 09:32:50.338  INFO 1083 --- [restartedMain] com.cycleon.kalah.KalahApplication       : Started KalahApplication in 5.048 seconds (JVM running for 5.681)
2021-06-06 09:32:50.340  INFO 1083 --- [restartedMain] o.s.b.a.ApplicationAvailabilityBean      : Application availability state LivenessState changed to CORRECT
2021-06-06 09:32:50.343  INFO 1083 --- [restartedMain] o.s.b.a.ApplicationAvailabilityBean      : Application availability state ReadinessState changed to ACCEPTING_TRAFFIC
2021-06-06 09:33:00.719  INFO 1083 --- [http-nio-8080-exec-1] o.a.c.c.C.[Tomcat].[localhost].[/]       : Initializing Spring DispatcherServlet 'dispatcherServlet'
2021-06-06 09:33:00.720  INFO 1083 --- [http-nio-8080-exec-1] o.s.web.servlet.DispatcherServlet        : Initializing Servlet 'dispatcherServlet'
2021-06-06 09:33:00.722  INFO 1083 --- [http-nio-8080-exec-1] o.s.web.servlet.DispatcherServlet        : Completed initialization in 1 ms
2021-06-06 09:33:00.886  INFO 1083 --- [http-nio-8080-exec-1] c.c.k.service.impl.KalahGameServiceImpl  : Game: 1 registered successfully!
2021-06-06 09:33:31.302  INFO 1090 --- [restartedMain] com.cycleon.kalah.KalahApplication       : Starting KalahApplication using Java 11.0.10 on MacBook-Pro-de-nathan.local with PID 1090 (/Users/nathan/Development/kalah/kalah-backend/target/classes started by nathan in /Users/nathan/Development/kalah/kalah-backend)
2021-06-06 09:33:31.306  INFO 1090 --- [restartedMain] com.cycleon.kalah.KalahApplication       : No active profile set, falling back to default profiles: default
2021-06-06 09:33:31.355  INFO 1090 --- [restartedMain] .e.DevToolsPropertyDefaultsPostProcessor : Devtools property defaults active! Set 'spring.devtools.add-properties' to 'false' to disable
2021-06-06 09:33:31.355  INFO 1090 --- [restartedMain] .e.DevToolsPropertyDefaultsPostProcessor : For additional web related logging consider setting the 'logging.level.web' property to 'DEBUG'
2021-06-06 09:33:32.208  INFO 1090 --- [restartedMain] .s.d.r.c.RepositoryConfigurationDelegate : Bootstrapping Spring Data JPA repositories in DEFAULT mode.
2021-06-06 09:33:32.263  INFO 1090 --- [restartedMain] .s.d.r.c.RepositoryConfigurationDelegate : Finished Spring Data repository scanning in 44 ms. Found 2 JPA repository interfaces.
2021-06-06 09:33:32.932  INFO 1090 --- [restartedMain] o.s.b.w.embedded.tomcat.TomcatWebServer  : Tomcat initialized with port(s): 8080 (http)
2021-06-06 09:33:32.946  INFO 1090 --- [restartedMain] o.apache.catalina.core.StandardService   : Starting service [Tomcat]
2021-06-06 09:33:32.947  INFO 1090 --- [restartedMain] org.apache.catalina.core.StandardEngine  : Starting Servlet engine: [Apache Tomcat/9.0.46]
2021-06-06 09:33:33.029  INFO 1090 --- [restartedMain] o.a.c.c.C.[Tomcat].[localhost].[/]       : Initializing Spring embedded WebApplicationContext
2021-06-06 09:33:33.029  INFO 1090 --- [restartedMain] w.s.c.ServletWebServerApplicationContext : Root WebApplicationContext: initialization completed in 1673 ms
2021-06-06 09:33:33.236  INFO 1090 --- [restartedMain] o.hibernate.jpa.internal.util.LogHelper  : HHH000204: Processing PersistenceUnitInfo [name: default]
2021-06-06 09:33:33.288  INFO 1090 --- [restartedMain] org.hibernate.Version                    : HHH000412: Hibernate ORM core version 5.4.31.Final
2021-06-06 09:33:33.431  INFO 1090 --- [restartedMain] o.hibernate.annotations.common.Version   : HCANN000001: Hibernate Commons Annotations {5.1.2.Final}
2021-06-06 09:33:33.546  INFO 1090 --- [restartedMain] com.zaxxer.hikari.HikariDataSource       : HikariPool-1 - Starting...
2021-06-06 09:33:33.700  INFO 1090 --- [restartedMain] com.zaxxer.hikari.HikariDataSource       : HikariPool-1 - Start completed.
2021-06-06 09:33:33.719  INFO 1090 --- [restartedMain] org.hibernate.dialect.Dialect            : HHH000400: Using dialect: org.hibernate.dialect.PostgreSQLDialect
2021-06-06 09:33:34.403  INFO 1090 --- [restartedMain] o.h.e.t.j.p.i.JtaPlatformInitiator       : HHH000490: Using JtaPlatform implementation: [org.hibernate.engine.transaction.jta.platform.internal.NoJtaPlatform]
2021-06-06 09:33:34.411  INFO 1090 --- [restartedMain] j.LocalContainerEntityManagerFactoryBean : Initialized JPA EntityManagerFactory for persistence unit 'default'
2021-06-06 09:33:34.983  WARN 1090 --- [restartedMain] JpaBaseConfiguration$JpaWebConfiguration : spring.jpa.open-in-view is enabled by default. Therefore, database queries may be performed during view rendering. Explicitly configure spring.jpa.open-in-view to disable this warning
2021-06-06 09:33:35.122  INFO 1090 --- [restartedMain] pertySourcedRequestMappingHandlerMapping : Mapped URL path [/v2/api-docs] onto method [springfox.documentation.swagger2.web.Swagger2Controller#getDocumentation(String, HttpServletRequest)]
2021-06-06 09:33:35.226  INFO 1090 --- [restartedMain] o.s.b.d.a.OptionalLiveReloadServer       : LiveReload server is running on port 35729
2021-06-06 09:33:35.404  INFO 1090 --- [restartedMain] o.s.b.w.embedded.tomcat.TomcatWebServer  : Tomcat started on port(s): 8080 (http) with context path ''
2021-06-06 09:33:35.405  INFO 1090 --- [restartedMain] d.s.w.p.DocumentationPluginsBootstrapper : Context refreshed
2021-06-06 09:33:35.427  INFO 1090 --- [restartedMain] d.s.w.p.DocumentationPluginsBootstrapper : Found 1 custom documentation plugin(s)
2021-06-06 09:33:35.459  INFO 1090 --- [restartedMain] s.d.s.w.s.ApiListingReferenceScanner     : Scanning for api listing references
2021-06-06 09:33:35.712  INFO 1090 --- [restartedMain] com.cycleon.kalah.KalahApplication       : Started KalahApplication in 4.911 seconds (JVM running for 6.22)
2021-06-06 09:33:35.713  INFO 1090 --- [restartedMain] o.s.b.a.ApplicationAvailabilityBean      : Application availability state LivenessState changed to CORRECT
2021-06-06 09:33:35.717  INFO 1090 --- [restartedMain] o.s.b.a.ApplicationAvailabilityBean      : Application availability state ReadinessState changed to ACCEPTING_TRAFFIC
2021-06-06 09:33:42.260  INFO 1090 --- [http-nio-8080-exec-1] o.a.c.c.C.[Tomcat].[localhost].[/]       : Initializing Spring DispatcherServlet 'dispatcherServlet'
2021-06-06 09:33:42.261  INFO 1090 --- [http-nio-8080-exec-1] o.s.web.servlet.DispatcherServlet        : Initializing Servlet 'dispatcherServlet'
2021-06-06 09:33:42.262  INFO 1090 --- [http-nio-8080-exec-1] o.s.web.servlet.DispatcherServlet        : Completed initialization in 1 ms
2021-06-06 09:33:42.417  INFO 1090 --- [http-nio-8080-exec-1] c.c.k.service.impl.KalahGameServiceImpl  : Game: 1 registered successfully!
2021-06-06 09:36:03.761  INFO 1100 --- [restartedMain] com.cycleon.kalah.KalahApplication       : Starting KalahApplication using Java 11.0.10 on MacBook-Pro-de-nathan.local with PID 1100 (/Users/nathan/Development/kalah/kalah-backend/target/classes started by nathan in /Users/nathan/Development/kalah/kalah-backend)
2021-06-06 09:36:03.766  INFO 1100 --- [restartedMain] com.cycleon.kalah.KalahApplication       : No active profile set, falling back to default profiles: default
2021-06-06 09:36:03.814  INFO 1100 --- [restartedMain] .e.DevToolsPropertyDefaultsPostProcessor : Devtools property defaults active! Set 'spring.devtools.add-properties' to 'false' to disable
2021-06-06 09:36:03.815  INFO 1100 --- [restartedMain] .e.DevToolsPropertyDefaultsPostProcessor : For additional web related logging consider setting the 'logging.level.web' property to 'DEBUG'
2021-06-06 09:36:04.758  INFO 1100 --- [restartedMain] .s.d.r.c.RepositoryConfigurationDelegate : Bootstrapping Spring Data JPA repositories in DEFAULT mode.
2021-06-06 09:36:04.839  INFO 1100 --- [restartedMain] .s.d.r.c.RepositoryConfigurationDelegate : Finished Spring Data repository scanning in 66 ms. Found 2 JPA repository interfaces.
2021-06-06 09:36:05.636  INFO 1100 --- [restartedMain] o.s.b.w.embedded.tomcat.TomcatWebServer  : Tomcat initialized with port(s): 8080 (http)
2021-06-06 09:36:05.648  INFO 1100 --- [restartedMain] o.apache.catalina.core.StandardService   : Starting service [Tomcat]
2021-06-06 09:36:05.648  INFO 1100 --- [restartedMain] org.apache.catalina.core.StandardEngine  : Starting Servlet engine: [Apache Tomcat/9.0.46]
2021-06-06 09:36:05.731  INFO 1100 --- [restartedMain] o.a.c.c.C.[Tomcat].[localhost].[/]       : Initializing Spring embedded WebApplicationContext
2021-06-06 09:36:05.732  INFO 1100 --- [restartedMain] w.s.c.ServletWebServerApplicationContext : Root WebApplicationContext: initialization completed in 1917 ms
2021-06-06 09:36:05.940  INFO 1100 --- [restartedMain] o.hibernate.jpa.internal.util.LogHelper  : HHH000204: Processing PersistenceUnitInfo [name: default]
2021-06-06 09:36:05.990  INFO 1100 --- [restartedMain] org.hibernate.Version                    : HHH000412: Hibernate ORM core version 5.4.31.Final
2021-06-06 09:36:06.127  INFO 1100 --- [restartedMain] o.hibernate.annotations.common.Version   : HCANN000001: Hibernate Commons Annotations {5.1.2.Final}
2021-06-06 09:36:06.227  INFO 1100 --- [restartedMain] com.zaxxer.hikari.HikariDataSource       : HikariPool-1 - Starting...
2021-06-06 09:36:06.345  INFO 1100 --- [restartedMain] com.zaxxer.hikari.HikariDataSource       : HikariPool-1 - Start completed.
2021-06-06 09:36:06.363  INFO 1100 --- [restartedMain] org.hibernate.dialect.Dialect            : HHH000400: Using dialect: org.hibernate.dialect.PostgreSQLDialect
2021-06-06 09:36:07.198  INFO 1100 --- [restartedMain] o.h.e.t.j.p.i.JtaPlatformInitiator       : HHH000490: Using JtaPlatform implementation: [org.hibernate.engine.transaction.jta.platform.internal.NoJtaPlatform]
2021-06-06 09:36:07.208  INFO 1100 --- [restartedMain] j.LocalContainerEntityManagerFactoryBean : Initialized JPA EntityManagerFactory for persistence unit 'default'
2021-06-06 09:36:07.877  WARN 1100 --- [restartedMain] JpaBaseConfiguration$JpaWebConfiguration : spring.jpa.open-in-view is enabled by default. Therefore, database queries may be performed during view rendering. Explicitly configure spring.jpa.open-in-view to disable this warning
2021-06-06 09:36:08.023  INFO 1100 --- [restartedMain] pertySourcedRequestMappingHandlerMapping : Mapped URL path [/v2/api-docs] onto method [springfox.documentation.swagger2.web.Swagger2Controller#getDocumentation(String, HttpServletRequest)]
2021-06-06 09:36:08.141  INFO 1100 --- [restartedMain] o.s.b.d.a.OptionalLiveReloadServer       : LiveReload server is running on port 35729
2021-06-06 09:36:08.359  INFO 1100 --- [restartedMain] o.s.b.w.embedded.tomcat.TomcatWebServer  : Tomcat started on port(s): 8080 (http) with context path ''
2021-06-06 09:36:08.360  INFO 1100 --- [restartedMain] d.s.w.p.DocumentationPluginsBootstrapper : Context refreshed
2021-06-06 09:36:08.395  INFO 1100 --- [restartedMain] d.s.w.p.DocumentationPluginsBootstrapper : Found 1 custom documentation plugin(s)
2021-06-06 09:36:08.421  INFO 1100 --- [restartedMain] s.d.s.w.s.ApiListingReferenceScanner     : Scanning for api listing references
2021-06-06 09:36:08.611  INFO 1100 --- [restartedMain] com.cycleon.kalah.KalahApplication       : Started KalahApplication in 5.438 seconds (JVM running for 6.281)
2021-06-06 09:36:08.614  INFO 1100 --- [restartedMain] o.s.b.a.ApplicationAvailabilityBean      : Application availability state LivenessState changed to CORRECT
2021-06-06 09:36:08.620  INFO 1100 --- [restartedMain] o.s.b.a.ApplicationAvailabilityBean      : Application availability state ReadinessState changed to ACCEPTING_TRAFFIC
2021-06-06 09:36:13.053  INFO 1100 --- [http-nio-8080-exec-1] o.a.c.c.C.[Tomcat].[localhost].[/]       : Initializing Spring DispatcherServlet 'dispatcherServlet'
2021-06-06 09:36:13.054  INFO 1100 --- [http-nio-8080-exec-1] o.s.web.servlet.DispatcherServlet        : Initializing Servlet 'dispatcherServlet'
2021-06-06 09:36:13.055  INFO 1100 --- [http-nio-8080-exec-1] o.s.web.servlet.DispatcherServlet        : Completed initialization in 1 ms
2021-06-06 09:36:13.197  INFO 1100 --- [http-nio-8080-exec-1] c.c.k.service.impl.KalahGameServiceImpl  : Game: 1 registered successfully!
2021-06-06 09:48:32.161  INFO 1272 --- [restartedMain] com.cycleon.kalah.KalahApplication       : Starting KalahApplication using Java 11.0.10 on MacBook-Pro-de-nathan.local with PID 1272 (/Users/nathan/Development/kalah/kalah-backend/target/classes started by nathan in /Users/nathan/Development/kalah/kalah-backend)
2021-06-06 09:48:32.174  INFO 1272 --- [restartedMain] com.cycleon.kalah.KalahApplication       : No active profile set, falling back to default profiles: default
2021-06-06 09:48:32.266  INFO 1272 --- [restartedMain] .e.DevToolsPropertyDefaultsPostProcessor : Devtools property defaults active! Set 'spring.devtools.add-properties' to 'false' to disable
2021-06-06 09:48:32.266  INFO 1272 --- [restartedMain] .e.DevToolsPropertyDefaultsPostProcessor : For additional web related logging consider setting the 'logging.level.web' property to 'DEBUG'
2021-06-06 09:48:33.412  INFO 1272 --- [restartedMain] .s.d.r.c.RepositoryConfigurationDelegate : Bootstrapping Spring Data JPA repositories in DEFAULT mode.
2021-06-06 09:48:33.502  INFO 1272 --- [restartedMain] .s.d.r.c.RepositoryConfigurationDelegate : Finished Spring Data repository scanning in 73 ms. Found 2 JPA repository interfaces.
2021-06-06 09:48:34.281  INFO 1272 --- [restartedMain] o.s.b.w.embedded.tomcat.TomcatWebServer  : Tomcat initialized with port(s): 8080 (http)
2021-06-06 09:48:34.293  INFO 1272 --- [restartedMain] o.apache.catalina.core.StandardService   : Starting service [Tomcat]
2021-06-06 09:48:34.293  INFO 1272 --- [restartedMain] org.apache.catalina.core.StandardEngine  : Starting Servlet engine: [Apache Tomcat/9.0.46]
2021-06-06 09:48:34.380  INFO 1272 --- [restartedMain] o.a.c.c.C.[Tomcat].[localhost].[/]       : Initializing Spring embedded WebApplicationContext
2021-06-06 09:48:34.381  INFO 1272 --- [restartedMain] w.s.c.ServletWebServerApplicationContext : Root WebApplicationContext: initialization completed in 2113 ms
2021-06-06 09:48:34.587  INFO 1272 --- [restartedMain] o.hibernate.jpa.internal.util.LogHelper  : HHH000204: Processing PersistenceUnitInfo [name: default]
2021-06-06 09:48:34.642  INFO 1272 --- [restartedMain] org.hibernate.Version                    : HHH000412: Hibernate ORM core version 5.4.31.Final
2021-06-06 09:48:34.786  INFO 1272 --- [restartedMain] o.hibernate.annotations.common.Version   : HCANN000001: Hibernate Commons Annotations {5.1.2.Final}
2021-06-06 09:48:34.898  INFO 1272 --- [restartedMain] com.zaxxer.hikari.HikariDataSource       : HikariPool-1 - Starting...
2021-06-06 09:48:35.055  INFO 1272 --- [restartedMain] com.zaxxer.hikari.HikariDataSource       : HikariPool-1 - Start completed.
2021-06-06 09:48:35.077  INFO 1272 --- [restartedMain] org.hibernate.dialect.Dialect            : HHH000400: Using dialect: org.hibernate.dialect.PostgreSQLDialect
2021-06-06 09:48:35.834  INFO 1272 --- [restartedMain] o.h.e.t.j.p.i.JtaPlatformInitiator       : HHH000490: Using JtaPlatform implementation: [org.hibernate.engine.transaction.jta.platform.internal.NoJtaPlatform]
2021-06-06 09:48:35.848  INFO 1272 --- [restartedMain] j.LocalContainerEntityManagerFactoryBean : Initialized JPA EntityManagerFactory for persistence unit 'default'
2021-06-06 09:48:36.438  WARN 1272 --- [restartedMain] JpaBaseConfiguration$JpaWebConfiguration : spring.jpa.open-in-view is enabled by default. Therefore, database queries may be performed during view rendering. Explicitly configure spring.jpa.open-in-view to disable this warning
2021-06-06 09:48:36.599  INFO 1272 --- [restartedMain] pertySourcedRequestMappingHandlerMapping : Mapped URL path [/v2/api-docs] onto method [springfox.documentation.swagger2.web.Swagger2Controller#getDocumentation(String, HttpServletRequest)]
2021-06-06 09:48:36.713  INFO 1272 --- [restartedMain] o.s.b.d.a.OptionalLiveReloadServer       : LiveReload server is running on port 35729
2021-06-06 09:48:36.934  INFO 1272 --- [restartedMain] o.s.b.w.embedded.tomcat.TomcatWebServer  : Tomcat started on port(s): 8080 (http) with context path ''
2021-06-06 09:48:36.936  INFO 1272 --- [restartedMain] d.s.w.p.DocumentationPluginsBootstrapper : Context refreshed
2021-06-06 09:48:36.961  INFO 1272 --- [restartedMain] d.s.w.p.DocumentationPluginsBootstrapper : Found 1 custom documentation plugin(s)
2021-06-06 09:48:36.988  INFO 1272 --- [restartedMain] s.d.s.w.s.ApiListingReferenceScanner     : Scanning for api listing references
2021-06-06 09:48:37.211  INFO 1272 --- [restartedMain] com.cycleon.kalah.KalahApplication       : Started KalahApplication in 5.988 seconds (JVM running for 6.981)
2021-06-06 09:48:37.214  INFO 1272 --- [restartedMain] o.s.b.a.ApplicationAvailabilityBean      : Application availability state LivenessState changed to CORRECT
2021-06-06 09:48:37.217  INFO 1272 --- [restartedMain] o.s.b.a.ApplicationAvailabilityBean      : Application availability state ReadinessState changed to ACCEPTING_TRAFFIC
2021-06-06 09:48:48.164  INFO 1272 --- [http-nio-8080-exec-1] o.a.c.c.C.[Tomcat].[localhost].[/]       : Initializing Spring DispatcherServlet 'dispatcherServlet'
2021-06-06 09:48:48.165  INFO 1272 --- [http-nio-8080-exec-1] o.s.web.servlet.DispatcherServlet        : Initializing Servlet 'dispatcherServlet'
2021-06-06 09:48:48.166  INFO 1272 --- [http-nio-8080-exec-1] o.s.web.servlet.DispatcherServlet        : Completed initialization in 1 ms
2021-06-06 09:48:48.325  INFO 1272 --- [http-nio-8080-exec-1] c.c.k.service.impl.KalahGameServiceImpl  : Game: 1 registered successfully!
2021-06-06 09:49:26.287  WARN 1272 --- [HikariPool-1 housekeeper] com.zaxxer.hikari.pool.HikariPool        : HikariPool-1 - Thread starvation or clock leap detected (housekeeper delta=51s129ms).
2021-06-06 09:51:11.172  INFO 1291 --- [restartedMain] com.cycleon.kalah.KalahApplication       : Starting KalahApplication using Java 11.0.10 on MacBook-Pro-de-nathan.local with PID 1291 (/Users/nathan/Development/kalah/kalah-backend/target/classes started by nathan in /Users/nathan/Development/kalah/kalah-backend)
2021-06-06 09:51:11.177  INFO 1291 --- [restartedMain] com.cycleon.kalah.KalahApplication       : No active profile set, falling back to default profiles: default
2021-06-06 09:51:11.225  INFO 1291 --- [restartedMain] .e.DevToolsPropertyDefaultsPostProcessor : Devtools property defaults active! Set 'spring.devtools.add-properties' to 'false' to disable
2021-06-06 09:51:11.225  INFO 1291 --- [restartedMain] .e.DevToolsPropertyDefaultsPostProcessor : For additional web related logging consider setting the 'logging.level.web' property to 'DEBUG'
2021-06-06 09:51:12.064  INFO 1291 --- [restartedMain] .s.d.r.c.RepositoryConfigurationDelegate : Bootstrapping Spring Data JPA repositories in DEFAULT mode.
2021-06-06 09:51:12.128  INFO 1291 --- [restartedMain] .s.d.r.c.RepositoryConfigurationDelegate : Finished Spring Data repository scanning in 51 ms. Found 2 JPA repository interfaces.
2021-06-06 09:51:12.779  INFO 1291 --- [restartedMain] o.s.b.w.embedded.tomcat.TomcatWebServer  : Tomcat initialized with port(s): 8080 (http)
2021-06-06 09:51:12.794  INFO 1291 --- [restartedMain] o.apache.catalina.core.StandardService   : Starting service [Tomcat]
2021-06-06 09:51:12.796  INFO 1291 --- [restartedMain] org.apache.catalina.core.StandardEngine  : Starting Servlet engine: [Apache Tomcat/9.0.46]
2021-06-06 09:51:12.874  INFO 1291 --- [restartedMain] o.a.c.c.C.[Tomcat].[localhost].[/]       : Initializing Spring embedded WebApplicationContext
2021-06-06 09:51:12.874  INFO 1291 --- [restartedMain] w.s.c.ServletWebServerApplicationContext : Root WebApplicationContext: initialization completed in 1648 ms
2021-06-06 09:51:13.067  INFO 1291 --- [restartedMain] o.hibernate.jpa.internal.util.LogHelper  : HHH000204: Processing PersistenceUnitInfo [name: default]
2021-06-06 09:51:13.118  INFO 1291 --- [restartedMain] org.hibernate.Version                    : HHH000412: Hibernate ORM core version 5.4.31.Final
2021-06-06 09:51:13.249  INFO 1291 --- [restartedMain] o.hibernate.annotations.common.Version   : HCANN000001: Hibernate Commons Annotations {5.1.2.Final}
2021-06-06 09:51:13.347  INFO 1291 --- [restartedMain] com.zaxxer.hikari.HikariDataSource       : HikariPool-1 - Starting...
2021-06-06 09:51:13.466  INFO 1291 --- [restartedMain] com.zaxxer.hikari.HikariDataSource       : HikariPool-1 - Start completed.
2021-06-06 09:51:13.483  INFO 1291 --- [restartedMain] org.hibernate.dialect.Dialect            : HHH000400: Using dialect: org.hibernate.dialect.PostgreSQLDialect
2021-06-06 09:51:14.220  INFO 1291 --- [restartedMain] o.h.e.t.j.p.i.JtaPlatformInitiator       : HHH000490: Using JtaPlatform implementation: [org.hibernate.engine.transaction.jta.platform.internal.NoJtaPlatform]
2021-06-06 09:51:14.228  INFO 1291 --- [restartedMain] j.LocalContainerEntityManagerFactoryBean : Initialized JPA EntityManagerFactory for persistence unit 'default'
2021-06-06 09:51:14.810  WARN 1291 --- [restartedMain] JpaBaseConfiguration$JpaWebConfiguration : spring.jpa.open-in-view is enabled by default. Therefore, database queries may be performed during view rendering. Explicitly configure spring.jpa.open-in-view to disable this warning
2021-06-06 09:51:14.963  INFO 1291 --- [restartedMain] pertySourcedRequestMappingHandlerMapping : Mapped URL path [/v2/api-docs] onto method [springfox.documentation.swagger2.web.Swagger2Controller#getDocumentation(String, HttpServletRequest)]
2021-06-06 09:51:15.080  INFO 1291 --- [restartedMain] o.s.b.d.a.OptionalLiveReloadServer       : LiveReload server is running on port 35729
2021-06-06 09:51:15.267  INFO 1291 --- [restartedMain] o.s.b.w.embedded.tomcat.TomcatWebServer  : Tomcat started on port(s): 8080 (http) with context path ''
2021-06-06 09:51:15.267  INFO 1291 --- [restartedMain] d.s.w.p.DocumentationPluginsBootstrapper : Context refreshed
2021-06-06 09:51:15.291  INFO 1291 --- [restartedMain] d.s.w.p.DocumentationPluginsBootstrapper : Found 1 custom documentation plugin(s)
2021-06-06 09:51:15.314  INFO 1291 --- [restartedMain] s.d.s.w.s.ApiListingReferenceScanner     : Scanning for api listing references
2021-06-06 09:51:15.468  INFO 1291 --- [restartedMain] com.cycleon.kalah.KalahApplication       : Started KalahApplication in 4.84 seconds (JVM running for 5.601)
2021-06-06 09:51:15.469  INFO 1291 --- [restartedMain] o.s.b.a.ApplicationAvailabilityBean      : Application availability state LivenessState changed to CORRECT
2021-06-06 09:51:15.472  INFO 1291 --- [restartedMain] o.s.b.a.ApplicationAvailabilityBean      : Application availability state ReadinessState changed to ACCEPTING_TRAFFIC
2021-06-06 09:51:20.765  INFO 1291 --- [http-nio-8080-exec-1] o.a.c.c.C.[Tomcat].[localhost].[/]       : Initializing Spring DispatcherServlet 'dispatcherServlet'
2021-06-06 09:51:20.765  INFO 1291 --- [http-nio-8080-exec-1] o.s.web.servlet.DispatcherServlet        : Initializing Servlet 'dispatcherServlet'
2021-06-06 09:51:20.767  INFO 1291 --- [http-nio-8080-exec-1] o.s.web.servlet.DispatcherServlet        : Completed initialization in 1 ms
2021-06-06 09:51:20.932  INFO 1291 --- [http-nio-8080-exec-1] c.c.k.service.impl.KalahGameServiceImpl  : Game: 1 registered successfully!
2021-06-06 09:52:09.917  WARN 1291 --- [HikariPool-1 housekeeper] com.zaxxer.hikari.pool.HikariPool        : HikariPool-1 - Thread starvation or clock leap detected (housekeeper delta=56s347ms).
2021-06-06 09:54:32.368  INFO 1342 --- [restartedMain] com.cycleon.kalah.KalahApplication       : Starting KalahApplication using Java 11.0.10 on MacBook-Pro-de-nathan.local with PID 1342 (/Users/nathan/Development/kalah/kalah-backend/target/classes started by nathan in /Users/nathan/Development/kalah/kalah-backend)
2021-06-06 09:54:32.371  INFO 1342 --- [restartedMain] com.cycleon.kalah.KalahApplication       : No active profile set, falling back to default profiles: default
2021-06-06 09:54:32.427  INFO 1342 --- [restartedMain] .e.DevToolsPropertyDefaultsPostProcessor : Devtools property defaults active! Set 'spring.devtools.add-properties' to 'false' to disable
2021-06-06 09:54:32.427  INFO 1342 --- [restartedMain] .e.DevToolsPropertyDefaultsPostProcessor : For additional web related logging consider setting the 'logging.level.web' property to 'DEBUG'
2021-06-06 09:54:33.261  INFO 1342 --- [restartedMain] .s.d.r.c.RepositoryConfigurationDelegate : Bootstrapping Spring Data JPA repositories in DEFAULT mode.
2021-06-06 09:54:33.326  INFO 1342 --- [restartedMain] .s.d.r.c.RepositoryConfigurationDelegate : Finished Spring Data repository scanning in 52 ms. Found 2 JPA repository interfaces.
2021-06-06 09:54:34.079  INFO 1342 --- [restartedMain] o.s.b.w.embedded.tomcat.TomcatWebServer  : Tomcat initialized with port(s): 8080 (http)
2021-06-06 09:54:34.096  INFO 1342 --- [restartedMain] o.apache.catalina.core.StandardService   : Starting service [Tomcat]
2021-06-06 09:54:34.096  INFO 1342 --- [restartedMain] org.apache.catalina.core.StandardEngine  : Starting Servlet engine: [Apache Tomcat/9.0.46]
2021-06-06 09:54:34.184  INFO 1342 --- [restartedMain] o.a.c.c.C.[Tomcat].[localhost].[/]       : Initializing Spring embedded WebApplicationContext
2021-06-06 09:54:34.185  INFO 1342 --- [restartedMain] w.s.c.ServletWebServerApplicationContext : Root WebApplicationContext: initialization completed in 1757 ms
2021-06-06 09:54:34.421  INFO 1342 --- [restartedMain] o.hibernate.jpa.internal.util.LogHelper  : HHH000204: Processing PersistenceUnitInfo [name: default]
2021-06-06 09:54:34.478  INFO 1342 --- [restartedMain] org.hibernate.Version                    : HHH000412: Hibernate ORM core version 5.4.31.Final
2021-06-06 09:54:34.638  INFO 1342 --- [restartedMain] o.hibernate.annotations.common.Version   : HCANN000001: Hibernate Commons Annotations {5.1.2.Final}
2021-06-06 09:54:34.740  INFO 1342 --- [restartedMain] com.zaxxer.hikari.HikariDataSource       : HikariPool-1 - Starting...
2021-06-06 09:54:34.874  INFO 1342 --- [restartedMain] com.zaxxer.hikari.HikariDataSource       : HikariPool-1 - Start completed.
2021-06-06 09:54:34.896  INFO 1342 --- [restartedMain] org.hibernate.dialect.Dialect            : HHH000400: Using dialect: org.hibernate.dialect.PostgreSQLDialect
2021-06-06 09:54:35.652  INFO 1342 --- [restartedMain] o.h.e.t.j.p.i.JtaPlatformInitiator       : HHH000490: Using JtaPlatform implementation: [org.hibernate.engine.transaction.jta.platform.internal.NoJtaPlatform]
2021-06-06 09:54:35.661  INFO 1342 --- [restartedMain] j.LocalContainerEntityManagerFactoryBean : Initialized JPA EntityManagerFactory for persistence unit 'default'
2021-06-06 09:54:36.240  WARN 1342 --- [restartedMain] JpaBaseConfiguration$JpaWebConfiguration : spring.jpa.open-in-view is enabled by default. Therefore, database queries may be performed during view rendering. Explicitly configure spring.jpa.open-in-view to disable this warning
2021-06-06 09:54:36.400  INFO 1342 --- [restartedMain] pertySourcedRequestMappingHandlerMapping : Mapped URL path [/v2/api-docs] onto method [springfox.documentation.swagger2.web.Swagger2Controller#getDocumentation(String, HttpServletRequest)]
2021-06-06 09:54:36.514  INFO 1342 --- [restartedMain] o.s.b.d.a.OptionalLiveReloadServer       : LiveReload server is running on port 35729
2021-06-06 09:54:36.747  INFO 1342 --- [restartedMain] o.s.b.w.embedded.tomcat.TomcatWebServer  : Tomcat started on port(s): 8080 (http) with context path ''
2021-06-06 09:54:36.748  INFO 1342 --- [restartedMain] d.s.w.p.DocumentationPluginsBootstrapper : Context refreshed
2021-06-06 09:54:36.772  INFO 1342 --- [restartedMain] d.s.w.p.DocumentationPluginsBootstrapper : Found 1 custom documentation plugin(s)
2021-06-06 09:54:36.798  INFO 1342 --- [restartedMain] s.d.s.w.s.ApiListingReferenceScanner     : Scanning for api listing references
2021-06-06 09:54:37.007  INFO 1342 --- [restartedMain] com.cycleon.kalah.KalahApplication       : Started KalahApplication in 5.218 seconds (JVM running for 5.976)
2021-06-06 09:54:37.009  INFO 1342 --- [restartedMain] o.s.b.a.ApplicationAvailabilityBean      : Application availability state LivenessState changed to CORRECT
2021-06-06 09:54:37.015  INFO 1342 --- [restartedMain] o.s.b.a.ApplicationAvailabilityBean      : Application availability state ReadinessState changed to ACCEPTING_TRAFFIC
2021-06-06 09:54:44.122  INFO 1342 --- [http-nio-8080-exec-1] o.a.c.c.C.[Tomcat].[localhost].[/]       : Initializing Spring DispatcherServlet 'dispatcherServlet'
2021-06-06 09:54:44.122  INFO 1342 --- [http-nio-8080-exec-1] o.s.web.servlet.DispatcherServlet        : Initializing Servlet 'dispatcherServlet'
2021-06-06 09:54:44.123  INFO 1342 --- [http-nio-8080-exec-1] o.s.web.servlet.DispatcherServlet        : Completed initialization in 1 ms
2021-06-06 09:54:44.286  INFO 1342 --- [http-nio-8080-exec-1] c.c.k.service.impl.KalahGameServiceImpl  : Game: 1 registered successfully!
2021-06-06 09:54:57.661 ERROR 1342 --- [http-nio-8080-exec-2] o.a.c.c.C.[.[.[/].[dispatcherServlet]    : Servlet.service() for servlet [dispatcherServlet] in context with path [] threw exception [Request processing failed; nested exception is java.lang.ClassCastException: class com.cycleon.kalah.dto.PitDTO cannot be cast to class java.lang.Comparable (com.cycleon.kalah.dto.PitDTO is in unnamed module of loader org.springframework.boot.devtools.restart.classloader.RestartClassLoader @73bbe5ed; java.lang.Comparable is in module java.base of loader 'bootstrap')] with root cause

java.lang.ClassCastException: class com.cycleon.kalah.dto.PitDTO cannot be cast to class java.lang.Comparable (com.cycleon.kalah.dto.PitDTO is in unnamed module of loader org.springframework.boot.devtools.restart.classloader.RestartClassLoader @73bbe5ed; java.lang.Comparable is in module java.base of loader 'bootstrap')
	at java.base/java.util.Comparators$NaturalOrderComparator.compare(Comparators.java:47) ~[na:na]
	at java.base/java.util.TimSort.countRunAndMakeAscending(TimSort.java:355) ~[na:na]
	at java.base/java.util.TimSort.sort(TimSort.java:220) ~[na:na]
	at java.base/java.util.Arrays.sort(Arrays.java:1515) ~[na:na]
	at java.base/java.util.stream.SortedOps$SizedRefSortingSink.end(SortedOps.java:353) ~[na:na]
	at java.base/java.util.stream.AbstractPipeline.copyInto(AbstractPipeline.java:485) ~[na:na]
	at java.base/java.util.stream.AbstractPipeline.wrapAndCopyInto(AbstractPipeline.java:474) ~[na:na]
	at java.base/java.util.stream.ReduceOps$ReduceOp.evaluateSequential(ReduceOps.java:913) ~[na:na]
	at java.base/java.util.stream.AbstractPipeline.evaluate(AbstractPipeline.java:234) ~[na:na]
	at java.base/java.util.stream.ReferencePipeline.collect(ReferencePipeline.java:578) ~[na:na]
	at com.cycleon.kalah.controller.GameController.sow(GameController.java:57) ~[classes/:na]
	at java.base/jdk.internal.reflect.NativeMethodAccessorImpl.invoke0(Native Method) ~[na:na]
	at java.base/jdk.internal.reflect.NativeMethodAccessorImpl.invoke(NativeMethodAccessorImpl.java:62) ~[na:na]
	at java.base/jdk.internal.reflect.DelegatingMethodAccessorImpl.invoke(DelegatingMethodAccessorImpl.java:43) ~[na:na]
	at java.base/java.lang.reflect.Method.invoke(Method.java:566) ~[na:na]
	at org.springframework.web.method.support.InvocableHandlerMethod.doInvoke(InvocableHandlerMethod.java:197) ~[spring-web-5.3.7.jar:5.3.7]
	at org.springframework.web.method.support.InvocableHandlerMethod.invokeForRequest(InvocableHandlerMethod.java:141) ~[spring-web-5.3.7.jar:5.3.7]
	at org.springframework.web.servlet.mvc.method.annotation.ServletInvocableHandlerMethod.invokeAndHandle(ServletInvocableHandlerMethod.java:106) ~[spring-webmvc-5.3.7.jar:5.3.7]
	at org.springframework.web.servlet.mvc.method.annotation.RequestMappingHandlerAdapter.invokeHandlerMethod(RequestMappingHandlerAdapter.java:894) ~[spring-webmvc-5.3.7.jar:5.3.7]
	at org.springframework.web.servlet.mvc.method.annotation.RequestMappingHandlerAdapter.handleInternal(RequestMappingHandlerAdapter.java:808) ~[spring-webmvc-5.3.7.jar:5.3.7]
	at org.springframework.web.servlet.mvc.method.AbstractHandlerMethodAdapter.handle(AbstractHandlerMethodAdapter.java:87) ~[spring-webmvc-5.3.7.jar:5.3.7]
	at org.springframework.web.servlet.DispatcherServlet.doDispatch(DispatcherServlet.java:1063) ~[spring-webmvc-5.3.7.jar:5.3.7]
	at org.springframework.web.servlet.DispatcherServlet.doService(DispatcherServlet.java:963) ~[spring-webmvc-5.3.7.jar:5.3.7]
	at org.springframework.web.servlet.FrameworkServlet.processRequest(FrameworkServlet.java:1006) ~[spring-webmvc-5.3.7.jar:5.3.7]
	at org.springframework.web.servlet.FrameworkServlet.doPost(FrameworkServlet.java:909) ~[spring-webmvc-5.3.7.jar:5.3.7]
	at javax.servlet.http.HttpServlet.service(HttpServlet.java:652) ~[tomcat-embed-core-9.0.46.jar:4.0.FR]
	at org.springframework.web.servlet.FrameworkServlet.service(FrameworkServlet.java:883) ~[spring-webmvc-5.3.7.jar:5.3.7]
	at javax.servlet.http.HttpServlet.service(HttpServlet.java:733) ~[tomcat-embed-core-9.0.46.jar:4.0.FR]
	at org.apache.catalina.core.ApplicationFilterChain.internalDoFilter(ApplicationFilterChain.java:227) ~[tomcat-embed-core-9.0.46.jar:9.0.46]
	at org.apache.catalina.core.ApplicationFilterChain.doFilter(ApplicationFilterChain.java:162) ~[tomcat-embed-core-9.0.46.jar:9.0.46]
	at org.apache.tomcat.websocket.server.WsFilter.doFilter(WsFilter.java:53) ~[tomcat-embed-websocket-9.0.46.jar:9.0.46]
	at org.apache.catalina.core.ApplicationFilterChain.internalDoFilter(ApplicationFilterChain.java:189) ~[tomcat-embed-core-9.0.46.jar:9.0.46]
	at org.apache.catalina.core.ApplicationFilterChain.doFilter(ApplicationFilterChain.java:162) ~[tomcat-embed-core-9.0.46.jar:9.0.46]
	at org.springframework.web.filter.RequestContextFilter.doFilterInternal(RequestContextFilter.java:100) ~[spring-web-5.3.7.jar:5.3.7]
	at org.springframework.web.filter.OncePerRequestFilter.doFilter(OncePerRequestFilter.java:119) ~[spring-web-5.3.7.jar:5.3.7]
	at org.apache.catalina.core.ApplicationFilterChain.internalDoFilter(ApplicationFilterChain.java:189) ~[tomcat-embed-core-9.0.46.jar:9.0.46]
	at org.apache.catalina.core.ApplicationFilterChain.doFilter(ApplicationFilterChain.java:162) ~[tomcat-embed-core-9.0.46.jar:9.0.46]
	at org.springframework.web.filter.FormContentFilter.doFilterInternal(FormContentFilter.java:93) ~[spring-web-5.3.7.jar:5.3.7]
	at org.springframework.web.filter.OncePerRequestFilter.doFilter(OncePerRequestFilter.java:119) ~[spring-web-5.3.7.jar:5.3.7]
	at org.apache.catalina.core.ApplicationFilterChain.internalDoFilter(ApplicationFilterChain.java:189) ~[tomcat-embed-core-9.0.46.jar:9.0.46]
	at org.apache.catalina.core.ApplicationFilterChain.doFilter(ApplicationFilterChain.java:162) ~[tomcat-embed-core-9.0.46.jar:9.0.46]
	at org.springframework.web.filter.CharacterEncodingFilter.doFilterInternal(CharacterEncodingFilter.java:201) ~[spring-web-5.3.7.jar:5.3.7]
	at org.springframework.web.filter.OncePerRequestFilter.doFilter(OncePerRequestFilter.java:119) ~[spring-web-5.3.7.jar:5.3.7]
	at org.apache.catalina.core.ApplicationFilterChain.internalDoFilter(ApplicationFilterChain.java:189) ~[tomcat-embed-core-9.0.46.jar:9.0.46]
	at org.apache.catalina.core.ApplicationFilterChain.doFilter(ApplicationFilterChain.java:162) ~[tomcat-embed-core-9.0.46.jar:9.0.46]
	at org.apache.catalina.core.StandardWrapperValve.invoke(StandardWrapperValve.java:202) ~[tomcat-embed-core-9.0.46.jar:9.0.46]
	at org.apache.catalina.core.StandardContextValve.invoke(StandardContextValve.java:97) ~[tomcat-embed-core-9.0.46.jar:9.0.46]
	at org.apache.catalina.authenticator.AuthenticatorBase.invoke(AuthenticatorBase.java:542) ~[tomcat-embed-core-9.0.46.jar:9.0.46]
	at org.apache.catalina.core.StandardHostValve.invoke(StandardHostValve.java:143) ~[tomcat-embed-core-9.0.46.jar:9.0.46]
	at org.apache.catalina.valves.ErrorReportValve.invoke(ErrorReportValve.java:92) ~[tomcat-embed-core-9.0.46.jar:9.0.46]
	at org.apache.catalina.core.StandardEngineValve.invoke(StandardEngineValve.java:78) ~[tomcat-embed-core-9.0.46.jar:9.0.46]
	at org.apache.catalina.connector.CoyoteAdapter.service(CoyoteAdapter.java:357) ~[tomcat-embed-core-9.0.46.jar:9.0.46]
	at org.apache.coyote.http11.Http11Processor.service(Http11Processor.java:374) ~[tomcat-embed-core-9.0.46.jar:9.0.46]
	at org.apache.coyote.AbstractProcessorLight.process(AbstractProcessorLight.java:65) ~[tomcat-embed-core-9.0.46.jar:9.0.46]
	at org.apache.coyote.AbstractProtocol$ConnectionHandler.process(AbstractProtocol.java:893) ~[tomcat-embed-core-9.0.46.jar:9.0.46]
	at org.apache.tomcat.util.net.NioEndpoint$SocketProcessor.doRun(NioEndpoint.java:1707) ~[tomcat-embed-core-9.0.46.jar:9.0.46]
	at org.apache.tomcat.util.net.SocketProcessorBase.run(SocketProcessorBase.java:49) ~[tomcat-embed-core-9.0.46.jar:9.0.46]
	at java.base/java.util.concurrent.ThreadPoolExecutor.runWorker(ThreadPoolExecutor.java:1128) ~[na:na]
	at java.base/java.util.concurrent.ThreadPoolExecutor$Worker.run(ThreadPoolExecutor.java:628) ~[na:na]
	at org.apache.tomcat.util.threads.TaskThread$WrappingRunnable.run(TaskThread.java:61) ~[tomcat-embed-core-9.0.46.jar:9.0.46]
	at java.base/java.lang.Thread.run(Thread.java:834) ~[na:na]

2021-06-06 09:57:05.954  INFO 1362 --- [restartedMain] com.cycleon.kalah.KalahApplication       : Starting KalahApplication using Java 11.0.10 on MacBook-Pro-de-nathan.local with PID 1362 (/Users/nathan/Development/kalah/kalah-backend/target/classes started by nathan in /Users/nathan/Development/kalah/kalah-backend)
2021-06-06 09:57:05.960  INFO 1362 --- [restartedMain] com.cycleon.kalah.KalahApplication       : No active profile set, falling back to default profiles: default
2021-06-06 09:57:06.008  INFO 1362 --- [restartedMain] .e.DevToolsPropertyDefaultsPostProcessor : Devtools property defaults active! Set 'spring.devtools.add-properties' to 'false' to disable
2021-06-06 09:57:06.008  INFO 1362 --- [restartedMain] .e.DevToolsPropertyDefaultsPostProcessor : For additional web related logging consider setting the 'logging.level.web' property to 'DEBUG'
2021-06-06 09:57:06.835  INFO 1362 --- [restartedMain] .s.d.r.c.RepositoryConfigurationDelegate : Bootstrapping Spring Data JPA repositories in DEFAULT mode.
2021-06-06 09:57:06.899  INFO 1362 --- [restartedMain] .s.d.r.c.RepositoryConfigurationDelegate : Finished Spring Data repository scanning in 52 ms. Found 2 JPA repository interfaces.
2021-06-06 09:57:07.676  INFO 1362 --- [restartedMain] o.s.b.w.embedded.tomcat.TomcatWebServer  : Tomcat initialized with port(s): 8080 (http)
2021-06-06 09:57:07.687  INFO 1362 --- [restartedMain] o.apache.catalina.core.StandardService   : Starting service [Tomcat]
2021-06-06 09:57:07.688  INFO 1362 --- [restartedMain] org.apache.catalina.core.StandardEngine  : Starting Servlet engine: [Apache Tomcat/9.0.46]
2021-06-06 09:57:07.765  INFO 1362 --- [restartedMain] o.a.c.c.C.[Tomcat].[localhost].[/]       : Initializing Spring embedded WebApplicationContext
2021-06-06 09:57:07.765  INFO 1362 --- [restartedMain] w.s.c.ServletWebServerApplicationContext : Root WebApplicationContext: initialization completed in 1756 ms
2021-06-06 09:57:07.959  INFO 1362 --- [restartedMain] o.hibernate.jpa.internal.util.LogHelper  : HHH000204: Processing PersistenceUnitInfo [name: default]
2021-06-06 09:57:08.011  INFO 1362 --- [restartedMain] org.hibernate.Version                    : HHH000412: Hibernate ORM core version 5.4.31.Final
2021-06-06 09:57:08.180  INFO 1362 --- [restartedMain] o.hibernate.annotations.common.Version   : HCANN000001: Hibernate Commons Annotations {5.1.2.Final}
2021-06-06 09:57:08.296  INFO 1362 --- [restartedMain] com.zaxxer.hikari.HikariDataSource       : HikariPool-1 - Starting...
2021-06-06 09:57:08.431  INFO 1362 --- [restartedMain] com.zaxxer.hikari.HikariDataSource       : HikariPool-1 - Start completed.
2021-06-06 09:57:08.449  INFO 1362 --- [restartedMain] org.hibernate.dialect.Dialect            : HHH000400: Using dialect: org.hibernate.dialect.PostgreSQLDialect
2021-06-06 09:57:09.195  INFO 1362 --- [restartedMain] o.h.e.t.j.p.i.JtaPlatformInitiator       : HHH000490: Using JtaPlatform implementation: [org.hibernate.engine.transaction.jta.platform.internal.NoJtaPlatform]
2021-06-06 09:57:09.203  INFO 1362 --- [restartedMain] j.LocalContainerEntityManagerFactoryBean : Initialized JPA EntityManagerFactory for persistence unit 'default'
2021-06-06 09:57:09.819  WARN 1362 --- [restartedMain] JpaBaseConfiguration$JpaWebConfiguration : spring.jpa.open-in-view is enabled by default. Therefore, database queries may be performed during view rendering. Explicitly configure spring.jpa.open-in-view to disable this warning
2021-06-06 09:57:10.017  INFO 1362 --- [restartedMain] pertySourcedRequestMappingHandlerMapping : Mapped URL path [/v2/api-docs] onto method [springfox.documentation.swagger2.web.Swagger2Controller#getDocumentation(String, HttpServletRequest)]
2021-06-06 09:57:10.137  INFO 1362 --- [restartedMain] o.s.b.d.a.OptionalLiveReloadServer       : LiveReload server is running on port 35729
2021-06-06 09:57:10.316  INFO 1362 --- [restartedMain] o.s.b.w.embedded.tomcat.TomcatWebServer  : Tomcat started on port(s): 8080 (http) with context path ''
2021-06-06 09:57:10.317  INFO 1362 --- [restartedMain] d.s.w.p.DocumentationPluginsBootstrapper : Context refreshed
2021-06-06 09:57:10.337  INFO 1362 --- [restartedMain] d.s.w.p.DocumentationPluginsBootstrapper : Found 1 custom documentation plugin(s)
2021-06-06 09:57:10.372  INFO 1362 --- [restartedMain] s.d.s.w.s.ApiListingReferenceScanner     : Scanning for api listing references
2021-06-06 09:57:10.550  INFO 1362 --- [restartedMain] com.cycleon.kalah.KalahApplication       : Started KalahApplication in 5.154 seconds (JVM running for 5.979)
2021-06-06 09:57:10.552  INFO 1362 --- [restartedMain] o.s.b.a.ApplicationAvailabilityBean      : Application availability state LivenessState changed to CORRECT
2021-06-06 09:57:10.555  INFO 1362 --- [restartedMain] o.s.b.a.ApplicationAvailabilityBean      : Application availability state ReadinessState changed to ACCEPTING_TRAFFIC
2021-06-06 09:57:17.164  INFO 1362 --- [http-nio-8080-exec-1] o.a.c.c.C.[Tomcat].[localhost].[/]       : Initializing Spring DispatcherServlet 'dispatcherServlet'
2021-06-06 09:57:17.164  INFO 1362 --- [http-nio-8080-exec-1] o.s.web.servlet.DispatcherServlet        : Initializing Servlet 'dispatcherServlet'
2021-06-06 09:57:17.165  INFO 1362 --- [http-nio-8080-exec-1] o.s.web.servlet.DispatcherServlet        : Completed initialization in 1 ms
2021-06-06 09:57:17.318  INFO 1362 --- [http-nio-8080-exec-1] c.c.k.service.impl.KalahGameServiceImpl  : Game: 1 registered successfully!
2021-06-06 10:51:41.017  INFO 1362 --- [http-nio-8080-exec-10] c.c.k.service.impl.KalahGameServiceImpl  : Game: 2 registered successfully!
2021-06-06 10:51:59.112  INFO 1362 --- [http-nio-8080-exec-1] c.c.k.service.impl.KalahGameServiceImpl  : Game: 3 registered successfully!
2021-06-06 10:57:07.609  INFO 2177 --- [restartedMain] com.cycleon.kalah.KalahApplication       : Starting KalahApplication using Java 11.0.10 on MacBook-Pro-de-nathan.local with PID 2177 (/Users/nathan/Development/kalah/kalah-backend/target/classes started by nathan in /Users/nathan/Development/kalah/kalah-backend)
2021-06-06 10:57:07.614  INFO 2177 --- [restartedMain] com.cycleon.kalah.KalahApplication       : No active profile set, falling back to default profiles: default
2021-06-06 10:57:07.662  INFO 2177 --- [restartedMain] .e.DevToolsPropertyDefaultsPostProcessor : Devtools property defaults active! Set 'spring.devtools.add-properties' to 'false' to disable
2021-06-06 10:57:07.663  INFO 2177 --- [restartedMain] .e.DevToolsPropertyDefaultsPostProcessor : For additional web related logging consider setting the 'logging.level.web' property to 'DEBUG'
2021-06-06 10:57:08.558  INFO 2177 --- [restartedMain] .s.d.r.c.RepositoryConfigurationDelegate : Bootstrapping Spring Data JPA repositories in DEFAULT mode.
2021-06-06 10:57:08.635  INFO 2177 --- [restartedMain] .s.d.r.c.RepositoryConfigurationDelegate : Finished Spring Data repository scanning in 63 ms. Found 2 JPA repository interfaces.
2021-06-06 10:57:09.334  INFO 2177 --- [restartedMain] o.s.b.w.embedded.tomcat.TomcatWebServer  : Tomcat initialized with port(s): 8080 (http)
2021-06-06 10:57:09.347  INFO 2177 --- [restartedMain] o.apache.catalina.core.StandardService   : Starting service [Tomcat]
2021-06-06 10:57:09.348  INFO 2177 --- [restartedMain] org.apache.catalina.core.StandardEngine  : Starting Servlet engine: [Apache Tomcat/9.0.46]
2021-06-06 10:57:09.461  INFO 2177 --- [restartedMain] o.a.c.c.C.[Tomcat].[localhost].[/]       : Initializing Spring embedded WebApplicationContext
2021-06-06 10:57:09.462  INFO 2177 --- [restartedMain] w.s.c.ServletWebServerApplicationContext : Root WebApplicationContext: initialization completed in 1799 ms
2021-06-06 10:57:09.677  INFO 2177 --- [restartedMain] o.hibernate.jpa.internal.util.LogHelper  : HHH000204: Processing PersistenceUnitInfo [name: default]
2021-06-06 10:57:09.729  INFO 2177 --- [restartedMain] org.hibernate.Version                    : HHH000412: Hibernate ORM core version 5.4.31.Final
2021-06-06 10:57:09.884  INFO 2177 --- [restartedMain] o.hibernate.annotations.common.Version   : HCANN000001: Hibernate Commons Annotations {5.1.2.Final}
2021-06-06 10:57:10.026  INFO 2177 --- [restartedMain] com.zaxxer.hikari.HikariDataSource       : HikariPool-1 - Starting...
2021-06-06 10:57:10.161  INFO 2177 --- [restartedMain] com.zaxxer.hikari.HikariDataSource       : HikariPool-1 - Start completed.
2021-06-06 10:57:10.179  INFO 2177 --- [restartedMain] org.hibernate.dialect.Dialect            : HHH000400: Using dialect: org.hibernate.dialect.PostgreSQLDialect
2021-06-06 10:57:10.999  INFO 2177 --- [restartedMain] o.h.e.t.j.p.i.JtaPlatformInitiator       : HHH000490: Using JtaPlatform implementation: [org.hibernate.engine.transaction.jta.platform.internal.NoJtaPlatform]
2021-06-06 10:57:11.012  INFO 2177 --- [restartedMain] j.LocalContainerEntityManagerFactoryBean : Initialized JPA EntityManagerFactory for persistence unit 'default'
2021-06-06 10:57:11.733  WARN 2177 --- [restartedMain] JpaBaseConfiguration$JpaWebConfiguration : spring.jpa.open-in-view is enabled by default. Therefore, database queries may be performed during view rendering. Explicitly configure spring.jpa.open-in-view to disable this warning
2021-06-06 10:57:11.916  INFO 2177 --- [restartedMain] pertySourcedRequestMappingHandlerMapping : Mapped URL path [/v2/api-docs] onto method [springfox.documentation.swagger2.web.Swagger2Controller#getDocumentation(String, HttpServletRequest)]
2021-06-06 10:57:12.061  INFO 2177 --- [restartedMain] o.s.b.d.a.OptionalLiveReloadServer       : LiveReload server is running on port 35729
2021-06-06 10:57:12.303  INFO 2177 --- [restartedMain] o.s.b.w.embedded.tomcat.TomcatWebServer  : Tomcat started on port(s): 8080 (http) with context path ''
2021-06-06 10:57:12.305  INFO 2177 --- [restartedMain] d.s.w.p.DocumentationPluginsBootstrapper : Context refreshed
2021-06-06 10:57:12.330  INFO 2177 --- [restartedMain] d.s.w.p.DocumentationPluginsBootstrapper : Found 1 custom documentation plugin(s)
2021-06-06 10:57:12.360  INFO 2177 --- [restartedMain] s.d.s.w.s.ApiListingReferenceScanner     : Scanning for api listing references
2021-06-06 10:57:12.544  INFO 2177 --- [restartedMain] com.cycleon.kalah.KalahApplication       : Started KalahApplication in 5.558 seconds (JVM running for 6.73)
2021-06-06 10:57:12.545  INFO 2177 --- [restartedMain] o.s.b.a.ApplicationAvailabilityBean      : Application availability state LivenessState changed to CORRECT
2021-06-06 10:57:12.549  INFO 2177 --- [restartedMain] o.s.b.a.ApplicationAvailabilityBean      : Application availability state ReadinessState changed to ACCEPTING_TRAFFIC
2021-06-06 10:57:16.037  INFO 2177 --- [http-nio-8080-exec-1] o.a.c.c.C.[Tomcat].[localhost].[/]       : Initializing Spring DispatcherServlet 'dispatcherServlet'
2021-06-06 10:57:16.038  INFO 2177 --- [http-nio-8080-exec-1] o.s.web.servlet.DispatcherServlet        : Initializing Servlet 'dispatcherServlet'
2021-06-06 10:57:16.040  INFO 2177 --- [http-nio-8080-exec-1] o.s.web.servlet.DispatcherServlet        : Completed initialization in 2 ms
2021-06-06 10:57:21.974  INFO 2177 --- [http-nio-8080-exec-10] c.c.k.service.impl.KalahGameServiceImpl  : Game: 1 registered successfully!
2021-06-06 13:27:31.797  INFO 1091 --- [restartedMain] com.cycleon.kalah.KalahApplication       : Starting KalahApplication using Java 11.0.10 on MacBook-Pro-de-nathan.local with PID 1091 (/Users/nathan/Development/kalah/kalah-backend/target/classes started by nathan in /Users/nathan/Development/kalah/kalah-backend)
2021-06-06 13:27:31.802  INFO 1091 --- [restartedMain] com.cycleon.kalah.KalahApplication       : No active profile set, falling back to default profiles: default
2021-06-06 13:27:31.851  INFO 1091 --- [restartedMain] .e.DevToolsPropertyDefaultsPostProcessor : Devtools property defaults active! Set 'spring.devtools.add-properties' to 'false' to disable
2021-06-06 13:27:31.851  INFO 1091 --- [restartedMain] .e.DevToolsPropertyDefaultsPostProcessor : For additional web related logging consider setting the 'logging.level.web' property to 'DEBUG'
2021-06-06 13:27:32.739  INFO 1091 --- [restartedMain] .s.d.r.c.RepositoryConfigurationDelegate : Bootstrapping Spring Data JPA repositories in DEFAULT mode.
2021-06-06 13:27:32.797  INFO 1091 --- [restartedMain] .s.d.r.c.RepositoryConfigurationDelegate : Finished Spring Data repository scanning in 48 ms. Found 2 JPA repository interfaces.
2021-06-06 13:27:33.404  INFO 1091 --- [restartedMain] o.s.b.w.embedded.tomcat.TomcatWebServer  : Tomcat initialized with port(s): 8080 (http)
2021-06-06 13:27:33.419  INFO 1091 --- [restartedMain] o.apache.catalina.core.StandardService   : Starting service [Tomcat]
2021-06-06 13:27:33.420  INFO 1091 --- [restartedMain] org.apache.catalina.core.StandardEngine  : Starting Servlet engine: [Apache Tomcat/9.0.46]
2021-06-06 13:27:33.497  INFO 1091 --- [restartedMain] o.a.c.c.C.[Tomcat].[localhost].[/]       : Initializing Spring embedded WebApplicationContext
2021-06-06 13:27:33.497  INFO 1091 --- [restartedMain] w.s.c.ServletWebServerApplicationContext : Root WebApplicationContext: initialization completed in 1645 ms
2021-06-06 13:27:33.705  INFO 1091 --- [restartedMain] o.hibernate.jpa.internal.util.LogHelper  : HHH000204: Processing PersistenceUnitInfo [name: default]
2021-06-06 13:27:33.768  INFO 1091 --- [restartedMain] org.hibernate.Version                    : HHH000412: Hibernate ORM core version 5.4.31.Final
2021-06-06 13:27:33.946  INFO 1091 --- [restartedMain] o.hibernate.annotations.common.Version   : HCANN000001: Hibernate Commons Annotations {5.1.2.Final}
2021-06-06 13:27:34.058  INFO 1091 --- [restartedMain] com.zaxxer.hikari.HikariDataSource       : HikariPool-1 - Starting...
2021-06-06 13:27:34.203  INFO 1091 --- [restartedMain] com.zaxxer.hikari.HikariDataSource       : HikariPool-1 - Start completed.
2021-06-06 13:27:34.222  INFO 1091 --- [restartedMain] org.hibernate.dialect.Dialect            : HHH000400: Using dialect: org.hibernate.dialect.PostgreSQLDialect
2021-06-06 13:27:35.061  INFO 1091 --- [restartedMain] o.h.e.t.j.p.i.JtaPlatformInitiator       : HHH000490: Using JtaPlatform implementation: [org.hibernate.engine.transaction.jta.platform.internal.NoJtaPlatform]
2021-06-06 13:27:35.069  INFO 1091 --- [restartedMain] j.LocalContainerEntityManagerFactoryBean : Initialized JPA EntityManagerFactory for persistence unit 'default'
2021-06-06 13:27:35.626  WARN 1091 --- [restartedMain] JpaBaseConfiguration$JpaWebConfiguration : spring.jpa.open-in-view is enabled by default. Therefore, database queries may be performed during view rendering. Explicitly configure spring.jpa.open-in-view to disable this warning
2021-06-06 13:27:35.776  INFO 1091 --- [restartedMain] pertySourcedRequestMappingHandlerMapping : Mapped URL path [/v2/api-docs] onto method [springfox.documentation.swagger2.web.Swagger2Controller#getDocumentation(String, HttpServletRequest)]
2021-06-06 13:27:35.880  INFO 1091 --- [restartedMain] o.s.b.d.a.OptionalLiveReloadServer       : LiveReload server is running on port 35729
2021-06-06 13:27:36.063  INFO 1091 --- [restartedMain] o.s.b.w.embedded.tomcat.TomcatWebServer  : Tomcat started on port(s): 8080 (http) with context path ''
2021-06-06 13:27:36.064  INFO 1091 --- [restartedMain] d.s.w.p.DocumentationPluginsBootstrapper : Context refreshed
2021-06-06 13:27:36.081  INFO 1091 --- [restartedMain] d.s.w.p.DocumentationPluginsBootstrapper : Found 1 custom documentation plugin(s)
2021-06-06 13:27:36.104  INFO 1091 --- [restartedMain] s.d.s.w.s.ApiListingReferenceScanner     : Scanning for api listing references
2021-06-06 13:27:36.255  INFO 1091 --- [restartedMain] com.cycleon.kalah.KalahApplication       : Started KalahApplication in 5.186 seconds (JVM running for 5.882)
2021-06-06 13:27:36.257  INFO 1091 --- [restartedMain] o.s.b.a.ApplicationAvailabilityBean      : Application availability state LivenessState changed to CORRECT
2021-06-06 13:27:36.260  INFO 1091 --- [restartedMain] o.s.b.a.ApplicationAvailabilityBean      : Application availability state ReadinessState changed to ACCEPTING_TRAFFIC
2021-06-06 13:27:40.314  INFO 1091 --- [http-nio-8080-exec-1] o.a.c.c.C.[Tomcat].[localhost].[/]       : Initializing Spring DispatcherServlet 'dispatcherServlet'
2021-06-06 13:27:40.315  INFO 1091 --- [http-nio-8080-exec-1] o.s.web.servlet.DispatcherServlet        : Initializing Servlet 'dispatcherServlet'
2021-06-06 13:27:40.317  INFO 1091 --- [http-nio-8080-exec-1] o.s.web.servlet.DispatcherServlet        : Completed initialization in 1 ms
2021-06-06 13:35:03.143  INFO 1091 --- [http-nio-8080-exec-5] c.c.k.service.impl.KalahGameServiceImpl  : Game: 1 registered successfully!
2021-06-06 13:37:11.120  INFO 1091 --- [http-nio-8080-exec-4] c.c.k.service.impl.KalahGameServiceImpl  : Game: 2 registered successfully!
2021-06-06 13:37:38.092  INFO 1091 --- [http-nio-8080-exec-8] c.c.k.service.impl.KalahGameServiceImpl  : Game: 3 registered successfully!
2021-06-06 13:38:06.985  INFO 1091 --- [http-nio-8080-exec-10] c.c.k.service.impl.KalahGameServiceImpl  : Game: 4 registered successfully!
2021-06-06 13:39:25.681  INFO 1091 --- [http-nio-8080-exec-9] c.c.k.service.impl.KalahGameServiceImpl  : Game: 5 registered successfully!
2021-06-06 13:39:34.265  INFO 1091 --- [http-nio-8080-exec-3] c.c.k.service.impl.KalahGameServiceImpl  : Game: 6 registered successfully!
2021-06-06 13:40:08.038  INFO 1091 --- [http-nio-8080-exec-5] c.c.k.service.impl.KalahGameServiceImpl  : Game: 7 registered successfully!
2021-06-06 13:40:19.100  INFO 1091 --- [http-nio-8080-exec-4] c.c.k.service.impl.KalahGameServiceImpl  : Game: 8 registered successfully!
2021-06-06 13:49:56.917  INFO 1091 --- [http-nio-8080-exec-10] c.c.k.service.impl.KalahGameServiceImpl  : Game: 9 registered successfully!
2021-06-06 13:50:19.316  INFO 1091 --- [http-nio-8080-exec-3] c.c.k.service.impl.KalahGameServiceImpl  : Game: 10 registered successfully!
2021-06-06 13:51:39.034  INFO 1091 --- [http-nio-8080-exec-6] c.c.k.service.impl.KalahGameServiceImpl  : Game: 11 registered successfully!
2021-06-06 13:51:50.404  INFO 1091 --- [http-nio-8080-exec-8] c.c.k.service.impl.KalahGameServiceImpl  : Game: 12 registered successfully!
2021-06-06 13:57:16.454  INFO 1091 --- [http-nio-8080-exec-7] c.c.k.service.impl.KalahGameServiceImpl  : Game: 13 registered successfully!
2021-06-06 13:58:21.917  INFO 1091 --- [http-nio-8080-exec-5] c.c.k.service.impl.KalahGameServiceImpl  : Game: 14 registered successfully!
2021-06-06 13:59:28.679  INFO 1091 --- [http-nio-8080-exec-4] c.c.k.service.impl.KalahGameServiceImpl  : Game: 15 registered successfully!
2021-06-06 13:59:50.058  INFO 1091 --- [http-nio-8080-exec-2] c.c.k.service.impl.KalahGameServiceImpl  : Game: 16 registered successfully!
2021-06-06 14:00:44.586  INFO 1091 --- [http-nio-8080-exec-7] c.c.k.service.impl.KalahGameServiceImpl  : Game: 17 registered successfully!
2021-06-06 14:01:31.977  INFO 1091 --- [http-nio-8080-exec-3] c.c.k.service.impl.KalahGameServiceImpl  : Game: 18 registered successfully!
2021-06-06 14:02:06.712  INFO 1091 --- [http-nio-8080-exec-1] c.c.k.service.impl.KalahGameServiceImpl  : Game: 19 registered successfully!
2021-06-06 14:02:20.378  INFO 1091 --- [http-nio-8080-exec-4] c.c.k.service.impl.KalahGameServiceImpl  : Game: 20 registered successfully!
2021-06-06 14:02:42.200  INFO 1091 --- [http-nio-8080-exec-2] c.c.k.service.impl.KalahGameServiceImpl  : Game: 21 registered successfully!
2021-06-06 14:03:42.789  INFO 1091 --- [http-nio-8080-exec-9] c.c.k.service.impl.KalahGameServiceImpl  : Game: 22 registered successfully!
2021-06-06 14:05:15.819  INFO 1091 --- [http-nio-8080-exec-1] c.c.k.service.impl.KalahGameServiceImpl  : Game: 23 registered successfully!
2021-06-06 14:05:50.283  INFO 1091 --- [http-nio-8080-exec-4] c.c.k.service.impl.KalahGameServiceImpl  : Game: 24 registered successfully!
2021-06-06 14:07:02.262  INFO 1091 --- [http-nio-8080-exec-10] c.c.k.service.impl.KalahGameServiceImpl  : Game: 25 registered successfully!
2021-06-06 14:07:18.557  INFO 1091 --- [http-nio-8080-exec-3] c.c.k.service.impl.KalahGameServiceImpl  : Game: 26 registered successfully!
2021-06-06 14:07:32.982  INFO 1091 --- [http-nio-8080-exec-1] c.c.k.service.impl.KalahGameServiceImpl  : Game: 27 registered successfully!
2021-06-06 14:08:05.976  INFO 1091 --- [http-nio-8080-exec-4] c.c.k.service.impl.KalahGameServiceImpl  : Game: 28 registered successfully!
2021-06-06 14:08:15.602  INFO 1091 --- [http-nio-8080-exec-10] c.c.k.service.impl.KalahGameServiceImpl  : Game: 29 registered successfully!
2021-06-06 14:09:02.352  INFO 1091 --- [http-nio-8080-exec-9] c.c.k.service.impl.KalahGameServiceImpl  : Game: 30 registered successfully!
2021-06-06 14:09:08.122  INFO 1091 --- [http-nio-8080-exec-5] c.c.k.service.impl.KalahGameServiceImpl  : Game: 31 registered successfully!
2021-06-06 14:10:08.802  INFO 1091 --- [http-nio-8080-exec-4] c.c.k.service.impl.KalahGameServiceImpl  : Game: 32 registered successfully!
